\BOOKMARK [0][-]{section*.1}{Table des mati\350res}{}% 1
\BOOKMARK [0][-]{chapter.1}{Remerciements}{}% 2
\BOOKMARK [0][-]{chapter.2}{Introduction}{}% 3
\BOOKMARK [1][-]{section.2.1}{Philosophie}{chapter.2}% 4
\BOOKMARK [0][-]{chapter.3}{Cahier des charges}{}% 5
\BOOKMARK [1][-]{section.3.1}{Introduction}{chapter.3}% 6
\BOOKMARK [1][-]{section.3.2}{Mecanismes de jeu}{chapter.3}% 7
\BOOKMARK [1][-]{section.3.3}{Structure du jeu}{chapter.3}% 8
\BOOKMARK [1][-]{section.3.4}{El\351ments graphiques}{chapter.3}% 9
\BOOKMARK [0][-]{chapter.4}{Gestion du projet}{}% 10
\BOOKMARK [1][-]{section.4.1}{Gestion de l'\351quipe}{chapter.4}% 11
\BOOKMARK [1][-]{section.4.2}{D\351coupage en t\342ches}{chapter.4}% 12
\BOOKMARK [1][-]{section.4.3}{Assignation}{chapter.4}% 13
\BOOKMARK [1][-]{section.4.4}{Gestion du temps}{chapter.4}% 14
\BOOKMARK [1][-]{section.4.5}{Profil de risques}{chapter.4}% 15
\BOOKMARK [1][-]{section.4.6}{Choix technologiques}{chapter.4}% 16
\BOOKMARK [1][-]{section.4.7}{Gestion des fichiers}{chapter.4}% 17
\BOOKMARK [0][-]{chapter.5}{D\351veloppement}{}% 18
\BOOKMARK [1][-]{section.5.1}{Moteur de jeu}{chapter.5}% 19
\BOOKMARK [1][-]{section.5.2}{Moteur de carte}{chapter.5}% 20
\BOOKMARK [1][-]{section.5.3}{Moteur multi-agent}{chapter.5}% 21
\BOOKMARK [1][-]{section.5.4}{M\351t\351o}{chapter.5}% 22
\BOOKMARK [1][-]{section.5.5}{Architecture}{chapter.5}% 23
\BOOKMARK [0][-]{chapter.6}{Post-Mortem}{}% 24
\BOOKMARK [1][-]{section.6.1}{R\351alisations non abouties}{chapter.6}% 25
\BOOKMARK [1][-]{section.6.2}{Am\351liorations r\351alisables}{chapter.6}% 26
\BOOKMARK [0][-]{chapter.7}{Annexes}{}% 27
\BOOKMARK [1][-]{section.7.1}{Diagramme de Gantt}{chapter.7}% 28
\BOOKMARK [1][-]{section.7.2}{Comparatif de performances}{chapter.7}% 29
\BOOKMARK [1][-]{section.7.3}{Incidences sur la carte}{chapter.7}% 30
